"2024-09-25 16:41:30,422 INFO  [main] com.tpe.StudentManagementApplication:Starting StudentManagementApplication using Java 17.0.11 on Sefa with PID 26296 (C:\Users\sefas\OneDrive\Masa端st端\Project\student-management\target\classes started by sefasezer in C:\Users\sefas\OneDrive\Masa端st端\Project\student-management)
""2024-09-25 16:41:30,427 INFO  [main] com.tpe.StudentManagementApplication:No active profile set, falling back to 1 default profile: "default"
""2024-09-25 16:41:31,115 INFO  [main] org.springframework.data.repository.config.RepositoryConfigurationDelegate:Bootstrapping Spring Data JPA repositories in DEFAULT mode.
""2024-09-25 16:41:31,193 INFO  [main] org.springframework.data.repository.config.RepositoryConfigurationDelegate:Finished Spring Data repository scanning in 72 ms. Found 7 JPA repository interfaces.
""2024-09-25 16:41:31,634 INFO  [main] org.springframework.boot.web.embedded.tomcat.TomcatWebServer:Tomcat initialized with port(s): 8080 (http)
""2024-09-25 16:41:31,641 INFO  [main] org.apache.catalina.core.StandardService:Starting service [Tomcat]
""2024-09-25 16:41:31,641 INFO  [main] org.apache.catalina.core.StandardEngine:Starting Servlet engine: [Apache Tomcat/9.0.68]
""2024-09-25 16:41:31,711 INFO  [main] org.apache.catalina.core.ContainerBase.[Tomcat].[localhost].[/]:Initializing Spring embedded WebApplicationContext
""2024-09-25 16:41:31,711 INFO  [main] org.springframework.boot.web.servlet.context.ServletWebServerApplicationContext:Root WebApplicationContext: initialization completed in 1238 ms
""2024-09-25 16:41:31,831 INFO  [main] org.hibernate.jpa.internal.util.LogHelper:HHH000204: Processing PersistenceUnitInfo [name: default]
""2024-09-25 16:41:31,876 INFO  [main] org.hibernate.Version:HHH000412: Hibernate ORM core version 5.6.12.Final
""2024-09-25 16:41:32,002 INFO  [main] org.hibernate.annotations.common.Version:HCANN000001: Hibernate Commons Annotations {5.1.2.Final}
""2024-09-25 16:41:32,072 INFO  [main] com.zaxxer.hikari.HikariDataSource:HikariPool-1 - Starting...
""2024-09-25 16:41:32,241 INFO  [main] com.zaxxer.hikari.HikariDataSource:HikariPool-1 - Start completed.
""2024-09-25 16:41:32,255 INFO  [main] org.hibernate.dialect.Dialect:HHH000400: Using dialect: org.hibernate.dialect.PostgreSQL81Dialect
""2024-09-25 16:41:33,091 INFO  [main] org.hibernate.engine.transaction.jta.platform.internal.JtaPlatformInitiator:HHH000490: Using JtaPlatform implementation: [org.hibernate.engine.transaction.jta.platform.internal.NoJtaPlatform]
""2024-09-25 16:41:33,099 INFO  [main] org.springframework.orm.jpa.LocalContainerEntityManagerFactoryBean:Initialized JPA EntityManagerFactory for persistence unit 'default'
""2024-09-25 16:41:33,827 WARN  [main] org.springframework.boot.autoconfigure.orm.jpa.JpaBaseConfiguration$JpaWebConfiguration:spring.jpa.open-in-view is enabled by default. Therefore, database queries may be performed during view rendering. Explicitly configure spring.jpa.open-in-view to disable this warning
""2024-09-25 16:41:33,963 INFO  [main] org.springframework.security.web.DefaultSecurityFilterChain:Will secure any request with [org.springframework.security.web.session.DisableEncodeUrlFilter@43aa767, org.springframework.security.web.context.request.async.WebAsyncManagerIntegrationFilter@5b3c11ce, org.springframework.security.web.context.SecurityContextPersistenceFilter@3b1895e, org.springframework.security.web.header.HeaderWriterFilter@73dd3a46, org.springframework.web.filter.CorsFilter@46573cfe, org.springframework.security.web.authentication.logout.LogoutFilter@2041c9a3, com.tpe.security.jwt.AuthTokenFilter@58932d08, org.springframework.security.web.savedrequest.RequestCacheAwareFilter@6d57b264, org.springframework.security.web.servletapi.SecurityContextHolderAwareRequestFilter@782ed745, org.springframework.security.web.authentication.AnonymousAuthenticationFilter@7ead0b51, org.springframework.security.web.session.SessionManagementFilter@123426a9, org.springframework.security.web.access.ExceptionTranslationFilter@65f3f9e2, org.springframework.security.web.access.intercept.FilterSecurityInterceptor@6067e7c1]
""2024-09-25 16:41:34,136 INFO  [main] org.springframework.boot.web.embedded.tomcat.TomcatWebServer:Tomcat started on port(s): 8080 (http) with context path ''
""2024-09-25 16:41:34,146 INFO  [main] com.tpe.StudentManagementApplication:Started StudentManagementApplication in 4.151 seconds (JVM running for 4.866)
""2024-09-25 16:47:29,299 INFO  [SpringApplicationShutdownHook] org.springframework.orm.jpa.LocalContainerEntityManagerFactoryBean:Closing JPA EntityManagerFactory for persistence unit 'default'
""2024-09-25 16:47:29,300 INFO  [SpringApplicationShutdownHook] com.zaxxer.hikari.HikariDataSource:HikariPool-1 - Shutdown initiated...
""2024-09-25 16:47:29,302 INFO  [SpringApplicationShutdownHook] com.zaxxer.hikari.HikariDataSource:HikariPool-1 - Shutdown completed.
"